{"name":"hexo","hostname":"lzming-PC","pid":5852,"level":20,"msg":"Hexo version: 3.2.2","time":"2017-02-25T13:49:39.527Z","v":0}
{"name":"hexo","hostname":"lzming-PC","pid":5852,"level":20,"msg":"Working directory: D:\\smallchineseparasol\\","time":"2017-02-25T13:49:39.531Z","v":0}
{"name":"hexo","hostname":"lzming-PC","pid":5852,"level":20,"msg":"Config loaded: D:\\smallchineseparasol\\_config.yml","time":"2017-02-25T13:49:39.697Z","v":0}
{"name":"hexo","hostname":"lzming-PC","pid":5852,"level":20,"msg":"Plugin loaded: hexo-generator-archive","time":"2017-02-25T13:49:39.717Z","v":0}
{"name":"hexo","hostname":"lzming-PC","pid":5852,"level":20,"msg":"Plugin loaded: hexo-generator-category","time":"2017-02-25T13:49:39.719Z","v":0}
{"name":"hexo","hostname":"lzming-PC","pid":5852,"level":20,"msg":"Plugin loaded: hexo-generator-index","time":"2017-02-25T13:49:39.722Z","v":0}
{"name":"hexo","hostname":"lzming-PC","pid":5852,"level":20,"msg":"Plugin loaded: hexo-generator-tag","time":"2017-02-25T13:49:39.723Z","v":0}
{"name":"hexo","hostname":"lzming-PC","pid":5852,"level":20,"msg":"Plugin loaded: hexo-renderer-ejs","time":"2017-02-25T13:49:39.727Z","v":0}
{"name":"hexo","hostname":"lzming-PC","pid":5852,"level":20,"msg":"Plugin loaded: hexo-renderer-jade","time":"2017-02-25T13:49:40.158Z","v":0}
{"name":"hexo","hostname":"lzming-PC","pid":5852,"level":20,"msg":"Plugin loaded: hexo-renderer-marked","time":"2017-02-25T13:49:40.167Z","v":0}
{"name":"hexo","hostname":"lzming-PC","pid":5852,"level":20,"msg":"Plugin loaded: hexo-renderer-stylus","time":"2017-02-25T13:49:40.169Z","v":0}
{"name":"hexo","hostname":"lzming-PC","pid":5852,"level":20,"msg":"Plugin loaded: hexo-server","time":"2017-02-25T13:49:40.251Z","v":0}
{"name":"hexo","hostname":"lzming-PC","pid":5852,"level":20,"msg":"Loading database.","time":"2017-02-25T13:49:40.268Z","v":0}
{"name":"hexo","hostname":"lzming-PC","pid":5852,"level":30,"msg":"Start processing","time":"2017-02-25T13:49:40.397Z","v":0}
{"name":"hexo","hostname":"lzming-PC","pid":5852,"level":20,"msg":"Processed: _posts/hello-world.md","time":"2017-02-25T13:49:40.536Z","v":0}
{"name":"hexo","hostname":"lzming-PC","pid":5852,"level":20,"msg":"Processed: _posts/楼上住着sb一家.md","time":"2017-02-25T13:49:40.536Z","v":0}
{"name":"hexo","hostname":"lzming-PC","pid":5852,"level":20,"msg":"Processed: source/apple-touch-icon.png","time":"2017-02-25T13:49:40.538Z","v":0}
{"name":"hexo","hostname":"lzming-PC","pid":5852,"level":20,"msg":"Processed: source/favicon.ico","time":"2017-02-25T13:49:40.542Z","v":0}
{"name":"hexo","hostname":"lzming-PC","pid":5852,"level":20,"msg":"Theme config loaded.","time":"2017-02-25T13:49:40.577Z","v":0}
{"name":"hexo","hostname":"lzming-PC","pid":5852,"level":20,"msg":"Processed: _config.yml","time":"2017-02-25T13:49:40.578Z","v":0}
{"name":"hexo","hostname":"lzming-PC","pid":5852,"level":20,"msg":"Processed: source/css/highlight.styl","time":"2017-02-25T13:49:40.608Z","v":0}
{"name":"hexo","hostname":"lzming-PC","pid":5852,"level":20,"msg":"Processed: source/css/style.styl","time":"2017-02-25T13:49:40.613Z","v":0}
{"name":"hexo","hostname":"lzming-PC","pid":5852,"level":20,"msg":"Processed: source/iconfont/iconfont.eot","time":"2017-02-25T13:49:40.613Z","v":0}
{"name":"hexo","hostname":"lzming-PC","pid":5852,"level":20,"msg":"Processed: source/iconfont/iconfont.svg","time":"2017-02-25T13:49:40.613Z","v":0}
{"name":"hexo","hostname":"lzming-PC","pid":5852,"level":20,"msg":"Processed: source/iconfont/iconfont.ttf","time":"2017-02-25T13:49:40.614Z","v":0}
{"name":"hexo","hostname":"lzming-PC","pid":5852,"level":20,"msg":"Processed: source/iconfont/iconfont.woff","time":"2017-02-25T13:49:40.614Z","v":0}
{"name":"hexo","hostname":"lzming-PC","pid":5852,"level":20,"msg":"Processed: source/js/search.json.js","time":"2017-02-25T13:49:40.623Z","v":0}
{"name":"hexo","hostname":"lzming-PC","pid":5852,"level":20,"msg":"Processed: source/js/totop.js","time":"2017-02-25T13:49:40.623Z","v":0}
{"name":"hexo","hostname":"lzming-PC","pid":5852,"level":20,"msg":"Processed: layout/archive.jade","time":"2017-02-25T13:49:41.965Z","v":0}
{"name":"hexo","hostname":"lzming-PC","pid":5852,"level":20,"msg":"Processed: layout/base.jade","time":"2017-02-25T13:49:41.965Z","v":0}
{"name":"hexo","hostname":"lzming-PC","pid":5852,"level":20,"msg":"Processed: layout/category.jade","time":"2017-02-25T13:49:41.965Z","v":0}
{"name":"hexo","hostname":"lzming-PC","pid":5852,"level":20,"msg":"Processed: layout/index.jade","time":"2017-02-25T13:49:41.965Z","v":0}
{"name":"hexo","hostname":"lzming-PC","pid":5852,"level":20,"msg":"Processed: layout/page.jade","time":"2017-02-25T13:49:41.965Z","v":0}
{"name":"hexo","hostname":"lzming-PC","pid":5852,"level":20,"msg":"Processed: layout/post.jade","time":"2017-02-25T13:49:41.966Z","v":0}
{"name":"hexo","hostname":"lzming-PC","pid":5852,"level":20,"msg":"Processed: layout/tag.jade","time":"2017-02-25T13:49:41.966Z","v":0}
{"name":"hexo","hostname":"lzming-PC","pid":5852,"level":20,"msg":"Processed: languages/de-DE.yml","time":"2017-02-25T13:49:41.967Z","v":0}
{"name":"hexo","hostname":"lzming-PC","pid":5852,"level":20,"msg":"Processed: languages/en.yml","time":"2017-02-25T13:49:41.968Z","v":0}
{"name":"hexo","hostname":"lzming-PC","pid":5852,"level":20,"msg":"Processed: languages/es-ES.yml","time":"2017-02-25T13:49:41.969Z","v":0}
{"name":"hexo","hostname":"lzming-PC","pid":5852,"level":20,"msg":"Processed: languages/fr-FR.yml","time":"2017-02-25T13:49:41.969Z","v":0}
{"name":"hexo","hostname":"lzming-PC","pid":5852,"level":20,"msg":"Processed: languages/ko.yml","time":"2017-02-25T13:49:41.969Z","v":0}
{"name":"hexo","hostname":"lzming-PC","pid":5852,"level":20,"msg":"Processed: languages/zh-CN.yml","time":"2017-02-25T13:49:41.969Z","v":0}
{"name":"hexo","hostname":"lzming-PC","pid":5852,"level":20,"msg":"Processed: languages/zh-TW.yml","time":"2017-02-25T13:49:41.969Z","v":0}
{"name":"hexo","hostname":"lzming-PC","pid":5852,"level":20,"msg":"Processed: source/img/bg.jpg","time":"2017-02-25T13:49:41.970Z","v":0}
{"name":"hexo","hostname":"lzming-PC","pid":5852,"level":20,"msg":"Processed: layout/_partial/after_footer.jade","time":"2017-02-25T13:49:42.184Z","v":0}
{"name":"hexo","hostname":"lzming-PC","pid":5852,"level":20,"msg":"Processed: layout/_partial/comments.jade","time":"2017-02-25T13:49:42.185Z","v":0}
{"name":"hexo","hostname":"lzming-PC","pid":5852,"level":20,"msg":"Processed: layout/_partial/footer.jade","time":"2017-02-25T13:49:42.186Z","v":0}
{"name":"hexo","hostname":"lzming-PC","pid":5852,"level":20,"msg":"Processed: layout/_partial/helpers.jade","time":"2017-02-25T13:49:42.186Z","v":0}
{"name":"hexo","hostname":"lzming-PC","pid":5852,"level":20,"msg":"Processed: layout/_partial/mathjax.jade","time":"2017-02-25T13:49:42.186Z","v":0}
{"name":"hexo","hostname":"lzming-PC","pid":5852,"level":20,"msg":"Processed: layout/_partial/mathjax2.jade","time":"2017-02-25T13:49:42.186Z","v":0}
{"name":"hexo","hostname":"lzming-PC","pid":5852,"level":20,"msg":"Processed: layout/_partial/paginator.jade","time":"2017-02-25T13:49:42.189Z","v":0}
{"name":"hexo","hostname":"lzming-PC","pid":5852,"level":20,"msg":"Processed: layout/_partial/post_nav.jade","time":"2017-02-25T13:49:42.190Z","v":0}
{"name":"hexo","hostname":"lzming-PC","pid":5852,"level":20,"msg":"Processed: layout/_partial/tag.jade","time":"2017-02-25T13:49:42.190Z","v":0}
{"name":"hexo","hostname":"lzming-PC","pid":5852,"level":20,"msg":"Processed: layout/_partial/totop.jade","time":"2017-02-25T13:49:42.190Z","v":0}
{"name":"hexo","hostname":"lzming-PC","pid":5852,"level":20,"msg":"Processed: layout/_widget/links.jade","time":"2017-02-25T13:49:42.190Z","v":0}
{"name":"hexo","hostname":"lzming-PC","pid":5852,"level":20,"msg":"Processed: layout/_widget/archive.jade","time":"2017-02-25T13:49:42.190Z","v":0}
{"name":"hexo","hostname":"lzming-PC","pid":5852,"level":20,"msg":"Processed: layout/_widget/category.jade","time":"2017-02-25T13:49:42.190Z","v":0}
{"name":"hexo","hostname":"lzming-PC","pid":5852,"level":20,"msg":"Processed: layout/_widget/recent_comments.jade","time":"2017-02-25T13:49:42.190Z","v":0}
{"name":"hexo","hostname":"lzming-PC","pid":5852,"level":20,"msg":"Processed: layout/_widget/recent_posts.jade","time":"2017-02-25T13:49:42.190Z","v":0}
{"name":"hexo","hostname":"lzming-PC","pid":5852,"level":20,"msg":"Processed: layout/_widget/search.jade","time":"2017-02-25T13:49:42.190Z","v":0}
{"name":"hexo","hostname":"lzming-PC","pid":5852,"level":20,"msg":"Processed: layout/_widget/tag.jade","time":"2017-02-25T13:49:42.190Z","v":0}
{"name":"hexo","hostname":"lzming-PC","pid":5852,"level":20,"msg":"Processed: layout/_widget/weibo.jade","time":"2017-02-25T13:49:42.213Z","v":0}
{"name":"hexo","hostname":"lzming-PC","pid":5852,"level":20,"msg":"Generator: page","time":"2017-02-25T13:49:42.317Z","v":0}
{"name":"hexo","hostname":"lzming-PC","pid":5852,"level":20,"msg":"Generator: post","time":"2017-02-25T13:49:42.320Z","v":0}
{"name":"hexo","hostname":"lzming-PC","pid":5852,"level":20,"msg":"Generator: archive","time":"2017-02-25T13:49:42.320Z","v":0}
{"name":"hexo","hostname":"lzming-PC","pid":5852,"level":20,"msg":"Generator: category","time":"2017-02-25T13:49:42.320Z","v":0}
{"name":"hexo","hostname":"lzming-PC","pid":5852,"level":20,"msg":"Generator: index","time":"2017-02-25T13:49:42.320Z","v":0}
{"name":"hexo","hostname":"lzming-PC","pid":5852,"level":20,"msg":"Generator: tag","time":"2017-02-25T13:49:42.320Z","v":0}
{"name":"hexo","hostname":"lzming-PC","pid":5852,"level":20,"msg":"Generator: asset","time":"2017-02-25T13:49:42.321Z","v":0}
{"name":"hexo","hostname":"lzming-PC","pid":5852,"level":30,"msg":"Hexo is running at http://localhost:4000/. Press Ctrl+C to stop.","time":"2017-02-25T13:49:42.328Z","v":0}
{"name":"hexo","hostname":"lzming-PC","pid":5852,"level":20,"msg":"Database saved","time":"2017-02-25T13:49:42.345Z","v":0}
{"name":"hexo","hostname":"lzming-PC","pid":5708,"level":20,"msg":"Hexo version: 3.2.2","time":"2017-02-25T13:50:32.521Z","v":0}
{"name":"hexo","hostname":"lzming-PC","pid":5708,"level":20,"msg":"Working directory: D:\\smallchineseparasol\\","time":"2017-02-25T13:50:32.525Z","v":0}
{"name":"hexo","hostname":"lzming-PC","pid":5708,"level":20,"msg":"Config loaded: D:\\smallchineseparasol\\_config.yml","time":"2017-02-25T13:50:32.691Z","v":0}
{"name":"hexo","hostname":"lzming-PC","pid":5708,"level":20,"msg":"Plugin loaded: hexo-generator-archive","time":"2017-02-25T13:50:32.709Z","v":0}
{"name":"hexo","hostname":"lzming-PC","pid":5708,"level":20,"msg":"Plugin loaded: hexo-generator-category","time":"2017-02-25T13:50:32.711Z","v":0}
{"name":"hexo","hostname":"lzming-PC","pid":5708,"level":20,"msg":"Plugin loaded: hexo-generator-index","time":"2017-02-25T13:50:32.714Z","v":0}
{"name":"hexo","hostname":"lzming-PC","pid":5708,"level":20,"msg":"Plugin loaded: hexo-generator-tag","time":"2017-02-25T13:50:32.715Z","v":0}
{"name":"hexo","hostname":"lzming-PC","pid":5708,"level":20,"msg":"Plugin loaded: hexo-renderer-ejs","time":"2017-02-25T13:50:32.719Z","v":0}
{"name":"hexo","hostname":"lzming-PC","pid":5708,"level":20,"msg":"Plugin loaded: hexo-renderer-jade","time":"2017-02-25T13:50:33.066Z","v":0}
{"name":"hexo","hostname":"lzming-PC","pid":5708,"level":20,"msg":"Plugin loaded: hexo-renderer-marked","time":"2017-02-25T13:50:33.077Z","v":0}
{"name":"hexo","hostname":"lzming-PC","pid":5708,"level":20,"msg":"Plugin loaded: hexo-renderer-stylus","time":"2017-02-25T13:50:33.079Z","v":0}
{"name":"hexo","hostname":"lzming-PC","pid":5708,"level":20,"msg":"Plugin loaded: hexo-server","time":"2017-02-25T13:50:33.155Z","v":0}
{"name":"hexo","hostname":"lzming-PC","pid":5708,"level":20,"msg":"Loading database.","time":"2017-02-25T13:50:33.170Z","v":0}
{"name":"hexo","hostname":"lzming-PC","pid":5708,"level":30,"msg":"Start processing","time":"2017-02-25T13:50:33.314Z","v":0}
{"name":"hexo","hostname":"lzming-PC","pid":5708,"level":20,"msg":"Processed: _posts/hello-world.md","time":"2017-02-25T13:50:33.437Z","v":0}
{"name":"hexo","hostname":"lzming-PC","pid":5708,"level":20,"msg":"Processed: _posts/楼上住着sb一家.md","time":"2017-02-25T13:50:33.437Z","v":0}
{"name":"hexo","hostname":"lzming-PC","pid":5708,"level":20,"msg":"Processed: source/apple-touch-icon.png","time":"2017-02-25T13:50:33.480Z","v":0}
{"name":"hexo","hostname":"lzming-PC","pid":5708,"level":20,"msg":"Processed: source/favicon.ico","time":"2017-02-25T13:50:33.480Z","v":0}
{"name":"hexo","hostname":"lzming-PC","pid":5708,"level":20,"msg":"Theme config loaded.","time":"2017-02-25T13:50:33.520Z","v":0}
{"name":"hexo","hostname":"lzming-PC","pid":5708,"level":20,"msg":"Processed: _config.yml","time":"2017-02-25T13:50:33.524Z","v":0}
{"name":"hexo","hostname":"lzming-PC","pid":5708,"level":20,"msg":"Processed: source/css/highlight.styl","time":"2017-02-25T13:50:33.525Z","v":0}
{"name":"hexo","hostname":"lzming-PC","pid":5708,"level":20,"msg":"Processed: source/css/style.styl","time":"2017-02-25T13:50:33.527Z","v":0}
{"name":"hexo","hostname":"lzming-PC","pid":5708,"level":20,"msg":"Processed: source/iconfont/iconfont.eot","time":"2017-02-25T13:50:33.527Z","v":0}
{"name":"hexo","hostname":"lzming-PC","pid":5708,"level":20,"msg":"Processed: source/iconfont/iconfont.svg","time":"2017-02-25T13:50:33.527Z","v":0}
{"name":"hexo","hostname":"lzming-PC","pid":5708,"level":20,"msg":"Processed: source/iconfont/iconfont.ttf","time":"2017-02-25T13:50:33.528Z","v":0}
{"name":"hexo","hostname":"lzming-PC","pid":5708,"level":20,"msg":"Processed: source/iconfont/iconfont.woff","time":"2017-02-25T13:50:33.528Z","v":0}
{"name":"hexo","hostname":"lzming-PC","pid":5708,"level":20,"msg":"Processed: source/js/search.json.js","time":"2017-02-25T13:50:33.533Z","v":0}
{"name":"hexo","hostname":"lzming-PC","pid":5708,"level":20,"msg":"Processed: source/js/totop.js","time":"2017-02-25T13:50:33.533Z","v":0}
{"name":"hexo","hostname":"lzming-PC","pid":5708,"level":20,"msg":"Processed: layout/archive.jade","time":"2017-02-25T13:50:34.927Z","v":0}
{"name":"hexo","hostname":"lzming-PC","pid":5708,"level":20,"msg":"Processed: layout/base.jade","time":"2017-02-25T13:50:34.927Z","v":0}
{"name":"hexo","hostname":"lzming-PC","pid":5708,"level":20,"msg":"Processed: layout/category.jade","time":"2017-02-25T13:50:34.927Z","v":0}
{"name":"hexo","hostname":"lzming-PC","pid":5708,"level":20,"msg":"Processed: layout/index.jade","time":"2017-02-25T13:50:34.927Z","v":0}
{"name":"hexo","hostname":"lzming-PC","pid":5708,"level":20,"msg":"Processed: layout/page.jade","time":"2017-02-25T13:50:34.927Z","v":0}
{"name":"hexo","hostname":"lzming-PC","pid":5708,"level":20,"msg":"Processed: layout/post.jade","time":"2017-02-25T13:50:34.927Z","v":0}
{"name":"hexo","hostname":"lzming-PC","pid":5708,"level":20,"msg":"Processed: layout/tag.jade","time":"2017-02-25T13:50:34.928Z","v":0}
{"name":"hexo","hostname":"lzming-PC","pid":5708,"level":20,"msg":"Processed: languages/de-DE.yml","time":"2017-02-25T13:50:34.931Z","v":0}
{"name":"hexo","hostname":"lzming-PC","pid":5708,"level":20,"msg":"Processed: languages/en.yml","time":"2017-02-25T13:50:34.931Z","v":0}
{"name":"hexo","hostname":"lzming-PC","pid":5708,"level":20,"msg":"Processed: languages/es-ES.yml","time":"2017-02-25T13:50:34.931Z","v":0}
{"name":"hexo","hostname":"lzming-PC","pid":5708,"level":20,"msg":"Processed: languages/fr-FR.yml","time":"2017-02-25T13:50:34.931Z","v":0}
{"name":"hexo","hostname":"lzming-PC","pid":5708,"level":20,"msg":"Processed: languages/ko.yml","time":"2017-02-25T13:50:34.931Z","v":0}
{"name":"hexo","hostname":"lzming-PC","pid":5708,"level":20,"msg":"Processed: languages/zh-CN.yml","time":"2017-02-25T13:50:34.931Z","v":0}
{"name":"hexo","hostname":"lzming-PC","pid":5708,"level":20,"msg":"Processed: languages/zh-TW.yml","time":"2017-02-25T13:50:34.931Z","v":0}
{"name":"hexo","hostname":"lzming-PC","pid":5708,"level":20,"msg":"Processed: source/img/bg.jpg","time":"2017-02-25T13:50:34.931Z","v":0}
{"name":"hexo","hostname":"lzming-PC","pid":5708,"level":20,"msg":"Processed: layout/_partial/after_footer.jade","time":"2017-02-25T13:50:35.181Z","v":0}
{"name":"hexo","hostname":"lzming-PC","pid":5708,"level":20,"msg":"Processed: layout/_partial/comments.jade","time":"2017-02-25T13:50:35.182Z","v":0}
{"name":"hexo","hostname":"lzming-PC","pid":5708,"level":20,"msg":"Processed: layout/_partial/footer.jade","time":"2017-02-25T13:50:35.182Z","v":0}
{"name":"hexo","hostname":"lzming-PC","pid":5708,"level":20,"msg":"Processed: layout/_partial/helpers.jade","time":"2017-02-25T13:50:35.182Z","v":0}
{"name":"hexo","hostname":"lzming-PC","pid":5708,"level":20,"msg":"Processed: layout/_partial/mathjax.jade","time":"2017-02-25T13:50:35.182Z","v":0}
{"name":"hexo","hostname":"lzming-PC","pid":5708,"level":20,"msg":"Processed: layout/_partial/paginator.jade","time":"2017-02-25T13:50:35.182Z","v":0}
{"name":"hexo","hostname":"lzming-PC","pid":5708,"level":20,"msg":"Processed: layout/_partial/mathjax2.jade","time":"2017-02-25T13:50:35.182Z","v":0}
{"name":"hexo","hostname":"lzming-PC","pid":5708,"level":20,"msg":"Processed: layout/_partial/post_nav.jade","time":"2017-02-25T13:50:35.182Z","v":0}
{"name":"hexo","hostname":"lzming-PC","pid":5708,"level":20,"msg":"Processed: layout/_partial/tag.jade","time":"2017-02-25T13:50:35.182Z","v":0}
{"name":"hexo","hostname":"lzming-PC","pid":5708,"level":20,"msg":"Processed: layout/_partial/totop.jade","time":"2017-02-25T13:50:35.182Z","v":0}
{"name":"hexo","hostname":"lzming-PC","pid":5708,"level":20,"msg":"Processed: layout/_widget/archive.jade","time":"2017-02-25T13:50:35.182Z","v":0}
{"name":"hexo","hostname":"lzming-PC","pid":5708,"level":20,"msg":"Processed: layout/_widget/category.jade","time":"2017-02-25T13:50:35.183Z","v":0}
{"name":"hexo","hostname":"lzming-PC","pid":5708,"level":20,"msg":"Processed: layout/_widget/links.jade","time":"2017-02-25T13:50:35.183Z","v":0}
{"name":"hexo","hostname":"lzming-PC","pid":5708,"level":20,"msg":"Processed: layout/_widget/recent_comments.jade","time":"2017-02-25T13:50:35.183Z","v":0}
{"name":"hexo","hostname":"lzming-PC","pid":5708,"level":20,"msg":"Processed: layout/_widget/recent_posts.jade","time":"2017-02-25T13:50:35.183Z","v":0}
{"name":"hexo","hostname":"lzming-PC","pid":5708,"level":20,"msg":"Processed: layout/_widget/search.jade","time":"2017-02-25T13:50:35.183Z","v":0}
{"name":"hexo","hostname":"lzming-PC","pid":5708,"level":20,"msg":"Processed: layout/_widget/tag.jade","time":"2017-02-25T13:50:35.183Z","v":0}
{"name":"hexo","hostname":"lzming-PC","pid":5708,"level":20,"msg":"Processed: layout/_widget/weibo.jade","time":"2017-02-25T13:50:35.183Z","v":0}
{"name":"hexo","hostname":"lzming-PC","pid":5708,"level":20,"msg":"Generator: page","time":"2017-02-25T13:50:35.293Z","v":0}
{"name":"hexo","hostname":"lzming-PC","pid":5708,"level":20,"msg":"Generator: post","time":"2017-02-25T13:50:35.299Z","v":0}
{"name":"hexo","hostname":"lzming-PC","pid":5708,"level":20,"msg":"Generator: archive","time":"2017-02-25T13:50:35.300Z","v":0}
{"name":"hexo","hostname":"lzming-PC","pid":5708,"level":20,"msg":"Generator: category","time":"2017-02-25T13:50:35.300Z","v":0}
{"name":"hexo","hostname":"lzming-PC","pid":5708,"level":20,"msg":"Generator: index","time":"2017-02-25T13:50:35.300Z","v":0}
{"name":"hexo","hostname":"lzming-PC","pid":5708,"level":20,"msg":"Generator: tag","time":"2017-02-25T13:50:35.300Z","v":0}
{"name":"hexo","hostname":"lzming-PC","pid":5708,"level":20,"msg":"Generator: asset","time":"2017-02-25T13:50:35.301Z","v":0}
{"name":"hexo","hostname":"lzming-PC","pid":5708,"level":30,"msg":"Hexo is running at http://localhost:4000/. Press Ctrl+C to stop.","time":"2017-02-25T13:50:35.312Z","v":0}
{"name":"hexo","hostname":"lzming-PC","pid":5708,"level":20,"msg":"Database saved","time":"2017-02-25T13:50:35.323Z","v":0}
{"name":"hexo","hostname":"lzming-PC","pid":5708,"level":20,"msg":"Rendering index: index.html","time":"2017-02-25T13:51:08.664Z","v":0}
{"name":"hexo","hostname":"lzming-PC","pid":5708,"level":20,"msg":"Rendering index: index.html","time":"2017-02-25T13:54:23.628Z","v":0}
{"name":"hexo","hostname":"lzming-PC","pid":5708,"level":20,"msg":"Rendering index: index.html","time":"2017-02-25T13:54:26.126Z","v":0}
{"name":"hexo","hostname":"lzming-PC","pid":5708,"level":20,"msg":"Rendering index: index.html","time":"2017-02-25T13:54:27.637Z","v":0}
{"name":"hexo","hostname":"lzming-PC","pid":7504,"level":20,"msg":"Hexo version: 3.2.2","time":"2017-02-25T13:54:39.255Z","v":0}
{"name":"hexo","hostname":"lzming-PC","pid":7504,"level":20,"msg":"Working directory: D:\\smallchineseparasol\\","time":"2017-02-25T13:54:39.260Z","v":0}
{"name":"hexo","hostname":"lzming-PC","pid":7504,"level":20,"msg":"Config loaded: D:\\smallchineseparasol\\_config.yml","time":"2017-02-25T13:54:39.467Z","v":0}
{"name":"hexo","hostname":"lzming-PC","pid":7504,"level":20,"msg":"Plugin loaded: hexo-generator-archive","time":"2017-02-25T13:54:39.488Z","v":0}
{"name":"hexo","hostname":"lzming-PC","pid":7504,"level":20,"msg":"Plugin loaded: hexo-generator-category","time":"2017-02-25T13:54:39.490Z","v":0}
{"name":"hexo","hostname":"lzming-PC","pid":7504,"level":20,"msg":"Plugin loaded: hexo-generator-index","time":"2017-02-25T13:54:39.493Z","v":0}
{"name":"hexo","hostname":"lzming-PC","pid":7504,"level":20,"msg":"Plugin loaded: hexo-generator-tag","time":"2017-02-25T13:54:39.495Z","v":0}
{"name":"hexo","hostname":"lzming-PC","pid":7504,"level":20,"msg":"Plugin loaded: hexo-renderer-ejs","time":"2017-02-25T13:54:39.498Z","v":0}
{"name":"hexo","hostname":"lzming-PC","pid":7504,"level":20,"msg":"Plugin loaded: hexo-renderer-jade","time":"2017-02-25T13:54:39.871Z","v":0}
{"name":"hexo","hostname":"lzming-PC","pid":7504,"level":20,"msg":"Plugin loaded: hexo-renderer-marked","time":"2017-02-25T13:54:39.879Z","v":0}
{"name":"hexo","hostname":"lzming-PC","pid":7504,"level":20,"msg":"Plugin loaded: hexo-renderer-stylus","time":"2017-02-25T13:54:39.882Z","v":0}
{"name":"hexo","hostname":"lzming-PC","pid":7504,"level":20,"msg":"Plugin loaded: hexo-server","time":"2017-02-25T13:54:39.961Z","v":0}
{"name":"hexo","hostname":"lzming-PC","pid":7504,"level":20,"msg":"Loading database.","time":"2017-02-25T13:54:39.977Z","v":0}
{"name":"hexo","hostname":"lzming-PC","pid":7504,"level":30,"msg":"Start processing","time":"2017-02-25T13:54:40.104Z","v":0}
{"name":"hexo","hostname":"lzming-PC","pid":7504,"level":20,"msg":"Processed: _posts/hello-world.md","time":"2017-02-25T13:54:40.202Z","v":0}
{"name":"hexo","hostname":"lzming-PC","pid":7504,"level":20,"msg":"Processed: _posts/楼上住着sb一家.md","time":"2017-02-25T13:54:40.202Z","v":0}
{"name":"hexo","hostname":"lzming-PC","pid":7504,"level":20,"msg":"Processed: source/apple-touch-icon.png","time":"2017-02-25T13:54:40.261Z","v":0}
{"name":"hexo","hostname":"lzming-PC","pid":7504,"level":20,"msg":"Processed: source/favicon.ico","time":"2017-02-25T13:54:40.262Z","v":0}
{"name":"hexo","hostname":"lzming-PC","pid":7504,"level":20,"msg":"Theme config loaded.","time":"2017-02-25T13:54:40.326Z","v":0}
{"name":"hexo","hostname":"lzming-PC","pid":7504,"level":20,"msg":"Processed: _config.yml","time":"2017-02-25T13:54:40.327Z","v":0}
{"name":"hexo","hostname":"lzming-PC","pid":7504,"level":20,"msg":"Processed: source/css/highlight.styl","time":"2017-02-25T13:54:40.328Z","v":0}
{"name":"hexo","hostname":"lzming-PC","pid":7504,"level":20,"msg":"Processed: source/css/style.styl","time":"2017-02-25T13:54:40.330Z","v":0}
{"name":"hexo","hostname":"lzming-PC","pid":7504,"level":20,"msg":"Processed: source/iconfont/iconfont.eot","time":"2017-02-25T13:54:40.330Z","v":0}
{"name":"hexo","hostname":"lzming-PC","pid":7504,"level":20,"msg":"Processed: source/iconfont/iconfont.svg","time":"2017-02-25T13:54:40.330Z","v":0}
{"name":"hexo","hostname":"lzming-PC","pid":7504,"level":20,"msg":"Processed: source/iconfont/iconfont.ttf","time":"2017-02-25T13:54:40.330Z","v":0}
{"name":"hexo","hostname":"lzming-PC","pid":7504,"level":20,"msg":"Processed: source/iconfont/iconfont.woff","time":"2017-02-25T13:54:40.331Z","v":0}
{"name":"hexo","hostname":"lzming-PC","pid":7504,"level":20,"msg":"Processed: source/js/search.json.js","time":"2017-02-25T13:54:40.338Z","v":0}
{"name":"hexo","hostname":"lzming-PC","pid":7504,"level":20,"msg":"Processed: source/js/totop.js","time":"2017-02-25T13:54:40.338Z","v":0}
{"name":"hexo","hostname":"lzming-PC","pid":7504,"level":20,"msg":"Processed: source/img/bg.jpg","time":"2017-02-25T13:54:40.344Z","v":0}
{"name":"hexo","hostname":"lzming-PC","pid":7504,"level":20,"msg":"Processed: layout/archive.jade","time":"2017-02-25T13:54:41.750Z","v":0}
{"name":"hexo","hostname":"lzming-PC","pid":7504,"level":20,"msg":"Processed: layout/base.jade","time":"2017-02-25T13:54:41.750Z","v":0}
{"name":"hexo","hostname":"lzming-PC","pid":7504,"level":20,"msg":"Processed: layout/category.jade","time":"2017-02-25T13:54:41.751Z","v":0}
{"name":"hexo","hostname":"lzming-PC","pid":7504,"level":20,"msg":"Processed: layout/index.jade","time":"2017-02-25T13:54:41.751Z","v":0}
{"name":"hexo","hostname":"lzming-PC","pid":7504,"level":20,"msg":"Processed: layout/page.jade","time":"2017-02-25T13:54:41.751Z","v":0}
{"name":"hexo","hostname":"lzming-PC","pid":7504,"level":20,"msg":"Processed: layout/post.jade","time":"2017-02-25T13:54:41.751Z","v":0}
{"name":"hexo","hostname":"lzming-PC","pid":7504,"level":20,"msg":"Processed: layout/tag.jade","time":"2017-02-25T13:54:41.751Z","v":0}
{"name":"hexo","hostname":"lzming-PC","pid":7504,"level":20,"msg":"Processed: languages/de-DE.yml","time":"2017-02-25T13:54:41.753Z","v":0}
{"name":"hexo","hostname":"lzming-PC","pid":7504,"level":20,"msg":"Processed: languages/es-ES.yml","time":"2017-02-25T13:54:41.753Z","v":0}
{"name":"hexo","hostname":"lzming-PC","pid":7504,"level":20,"msg":"Processed: languages/en.yml","time":"2017-02-25T13:54:41.753Z","v":0}
{"name":"hexo","hostname":"lzming-PC","pid":7504,"level":20,"msg":"Processed: languages/fr-FR.yml","time":"2017-02-25T13:54:41.753Z","v":0}
{"name":"hexo","hostname":"lzming-PC","pid":7504,"level":20,"msg":"Processed: languages/ko.yml","time":"2017-02-25T13:54:41.753Z","v":0}
{"name":"hexo","hostname":"lzming-PC","pid":7504,"level":20,"msg":"Processed: languages/zh-CN.yml","time":"2017-02-25T13:54:41.753Z","v":0}
{"name":"hexo","hostname":"lzming-PC","pid":7504,"level":20,"msg":"Processed: languages/zh-TW.yml","time":"2017-02-25T13:54:41.753Z","v":0}
{"name":"hexo","hostname":"lzming-PC","pid":7504,"level":20,"msg":"Processed: layout/_partial/after_footer.jade","time":"2017-02-25T13:54:41.996Z","v":0}
{"name":"hexo","hostname":"lzming-PC","pid":7504,"level":20,"msg":"Processed: layout/_partial/comments.jade","time":"2017-02-25T13:54:41.996Z","v":0}
{"name":"hexo","hostname":"lzming-PC","pid":7504,"level":20,"msg":"Processed: layout/_partial/helpers.jade","time":"2017-02-25T13:54:41.997Z","v":0}
{"name":"hexo","hostname":"lzming-PC","pid":7504,"level":20,"msg":"Processed: layout/_partial/footer.jade","time":"2017-02-25T13:54:41.997Z","v":0}
{"name":"hexo","hostname":"lzming-PC","pid":7504,"level":20,"msg":"Processed: layout/_partial/mathjax.jade","time":"2017-02-25T13:54:41.997Z","v":0}
{"name":"hexo","hostname":"lzming-PC","pid":7504,"level":20,"msg":"Processed: layout/_partial/mathjax2.jade","time":"2017-02-25T13:54:41.997Z","v":0}
{"name":"hexo","hostname":"lzming-PC","pid":7504,"level":20,"msg":"Processed: layout/_partial/paginator.jade","time":"2017-02-25T13:54:41.997Z","v":0}
{"name":"hexo","hostname":"lzming-PC","pid":7504,"level":20,"msg":"Processed: layout/_partial/post_nav.jade","time":"2017-02-25T13:54:41.997Z","v":0}
{"name":"hexo","hostname":"lzming-PC","pid":7504,"level":20,"msg":"Processed: layout/_partial/totop.jade","time":"2017-02-25T13:54:41.997Z","v":0}
{"name":"hexo","hostname":"lzming-PC","pid":7504,"level":20,"msg":"Processed: layout/_partial/tag.jade","time":"2017-02-25T13:54:41.998Z","v":0}
{"name":"hexo","hostname":"lzming-PC","pid":7504,"level":20,"msg":"Processed: layout/_widget/archive.jade","time":"2017-02-25T13:54:41.998Z","v":0}
{"name":"hexo","hostname":"lzming-PC","pid":7504,"level":20,"msg":"Processed: layout/_widget/category.jade","time":"2017-02-25T13:54:41.998Z","v":0}
{"name":"hexo","hostname":"lzming-PC","pid":7504,"level":20,"msg":"Processed: layout/_widget/links.jade","time":"2017-02-25T13:54:41.998Z","v":0}
{"name":"hexo","hostname":"lzming-PC","pid":7504,"level":20,"msg":"Processed: layout/_widget/recent_comments.jade","time":"2017-02-25T13:54:41.998Z","v":0}
{"name":"hexo","hostname":"lzming-PC","pid":7504,"level":20,"msg":"Processed: layout/_widget/recent_posts.jade","time":"2017-02-25T13:54:41.998Z","v":0}
{"name":"hexo","hostname":"lzming-PC","pid":7504,"level":20,"msg":"Processed: layout/_widget/search.jade","time":"2017-02-25T13:54:41.999Z","v":0}
{"name":"hexo","hostname":"lzming-PC","pid":7504,"level":20,"msg":"Processed: layout/_widget/tag.jade","time":"2017-02-25T13:54:41.999Z","v":0}
{"name":"hexo","hostname":"lzming-PC","pid":7504,"level":20,"msg":"Processed: layout/_widget/weibo.jade","time":"2017-02-25T13:54:41.999Z","v":0}
{"name":"hexo","hostname":"lzming-PC","pid":7504,"level":20,"msg":"Generator: page","time":"2017-02-25T13:54:42.103Z","v":0}
{"name":"hexo","hostname":"lzming-PC","pid":7504,"level":20,"msg":"Generator: post","time":"2017-02-25T13:54:42.103Z","v":0}
{"name":"hexo","hostname":"lzming-PC","pid":7504,"level":20,"msg":"Generator: archive","time":"2017-02-25T13:54:42.103Z","v":0}
{"name":"hexo","hostname":"lzming-PC","pid":7504,"level":20,"msg":"Generator: category","time":"2017-02-25T13:54:42.103Z","v":0}
{"name":"hexo","hostname":"lzming-PC","pid":7504,"level":20,"msg":"Generator: index","time":"2017-02-25T13:54:42.103Z","v":0}
{"name":"hexo","hostname":"lzming-PC","pid":7504,"level":20,"msg":"Generator: tag","time":"2017-02-25T13:54:42.103Z","v":0}
{"name":"hexo","hostname":"lzming-PC","pid":7504,"level":20,"msg":"Generator: asset","time":"2017-02-25T13:54:42.104Z","v":0}
{"name":"hexo","hostname":"lzming-PC","pid":7504,"level":30,"msg":"Hexo is running at http://localhost:4000/. Press Ctrl+C to stop.","time":"2017-02-25T13:54:42.115Z","v":0}
{"name":"hexo","hostname":"lzming-PC","pid":7504,"level":20,"msg":"Database saved","time":"2017-02-25T13:54:42.128Z","v":0}
{"name":"hexo","hostname":"lzming-PC","pid":7504,"level":20,"msg":"Rendering index: index.html","time":"2017-02-25T13:54:46.984Z","v":0}
{"name":"hexo","hostname":"lzming-PC","pid":7504,"level":20,"msg":"Rendering index: index.html","time":"2017-02-25T13:55:01.019Z","v":0}
{"name":"hexo","hostname":"lzming-PC","pid":7504,"level":20,"msg":"Rendering index: index.html","time":"2017-02-25T13:55:08.743Z","v":0}
{"name":"hexo","hostname":"lzming-PC","pid":7980,"level":20,"msg":"Hexo version: 3.2.2","time":"2017-02-25T13:56:41.773Z","v":0}
{"name":"hexo","hostname":"lzming-PC","pid":7980,"level":20,"msg":"Working directory: D:\\smallchineseparasol\\","time":"2017-02-25T13:56:41.777Z","v":0}
{"name":"hexo","hostname":"lzming-PC","pid":7980,"level":20,"msg":"Config loaded: D:\\smallchineseparasol\\_config.yml","time":"2017-02-25T13:56:41.953Z","v":0}
{"name":"hexo","hostname":"lzming-PC","pid":7980,"level":20,"msg":"Plugin loaded: hexo-generator-archive","time":"2017-02-25T13:56:41.973Z","v":0}
{"name":"hexo","hostname":"lzming-PC","pid":7980,"level":20,"msg":"Plugin loaded: hexo-generator-category","time":"2017-02-25T13:56:41.976Z","v":0}
{"name":"hexo","hostname":"lzming-PC","pid":7980,"level":20,"msg":"Plugin loaded: hexo-generator-index","time":"2017-02-25T13:56:41.979Z","v":0}
{"name":"hexo","hostname":"lzming-PC","pid":7980,"level":20,"msg":"Plugin loaded: hexo-generator-tag","time":"2017-02-25T13:56:41.980Z","v":0}
{"name":"hexo","hostname":"lzming-PC","pid":7980,"level":20,"msg":"Plugin loaded: hexo-renderer-ejs","time":"2017-02-25T13:56:41.984Z","v":0}
{"name":"hexo","hostname":"lzming-PC","pid":7980,"level":20,"msg":"Plugin loaded: hexo-renderer-jade","time":"2017-02-25T13:56:42.391Z","v":0}
{"name":"hexo","hostname":"lzming-PC","pid":7980,"level":20,"msg":"Plugin loaded: hexo-renderer-marked","time":"2017-02-25T13:56:42.400Z","v":0}
{"name":"hexo","hostname":"lzming-PC","pid":7980,"level":20,"msg":"Plugin loaded: hexo-renderer-stylus","time":"2017-02-25T13:56:42.402Z","v":0}
{"name":"hexo","hostname":"lzming-PC","pid":7980,"level":20,"msg":"Plugin loaded: hexo-server","time":"2017-02-25T13:56:42.488Z","v":0}
{"name":"hexo","hostname":"lzming-PC","pid":7980,"level":20,"msg":"Loading database.","time":"2017-02-25T13:56:42.504Z","v":0}
{"name":"hexo","hostname":"lzming-PC","pid":7980,"level":30,"msg":"Start processing","time":"2017-02-25T13:56:42.639Z","v":0}
{"name":"hexo","hostname":"lzming-PC","pid":7980,"level":20,"msg":"Processed: _posts/hello-world.md","time":"2017-02-25T13:56:42.764Z","v":0}
{"name":"hexo","hostname":"lzming-PC","pid":7980,"level":20,"msg":"Processed: _posts/楼上住着sb一家.md","time":"2017-02-25T13:56:42.764Z","v":0}
{"name":"hexo","hostname":"lzming-PC","pid":7980,"level":20,"msg":"Processed: source/apple-touch-icon.png","time":"2017-02-25T13:56:42.768Z","v":0}
{"name":"hexo","hostname":"lzming-PC","pid":7980,"level":20,"msg":"Processed: source/favicon.ico","time":"2017-02-25T13:56:42.768Z","v":0}
{"name":"hexo","hostname":"lzming-PC","pid":7980,"level":20,"msg":"Processed: source/css/highlight.styl","time":"2017-02-25T13:56:42.840Z","v":0}
{"name":"hexo","hostname":"lzming-PC","pid":7980,"level":20,"msg":"Processed: source/css/style.styl","time":"2017-02-25T13:56:42.840Z","v":0}
{"name":"hexo","hostname":"lzming-PC","pid":7980,"level":20,"msg":"Processed: source/iconfont/iconfont.eot","time":"2017-02-25T13:56:42.841Z","v":0}
{"name":"hexo","hostname":"lzming-PC","pid":7980,"level":20,"msg":"Processed: source/iconfont/iconfont.svg","time":"2017-02-25T13:56:42.841Z","v":0}
{"name":"hexo","hostname":"lzming-PC","pid":7980,"level":20,"msg":"Processed: source/iconfont/iconfont.woff","time":"2017-02-25T13:56:42.841Z","v":0}
{"name":"hexo","hostname":"lzming-PC","pid":7980,"level":20,"msg":"Processed: source/iconfont/iconfont.ttf","time":"2017-02-25T13:56:42.842Z","v":0}
{"name":"hexo","hostname":"lzming-PC","pid":7980,"level":20,"msg":"Processed: source/js/search.json.js","time":"2017-02-25T13:56:42.842Z","v":0}
{"name":"hexo","hostname":"lzming-PC","pid":7980,"level":20,"msg":"Processed: source/js/totop.js","time":"2017-02-25T13:56:42.843Z","v":0}
{"name":"hexo","hostname":"lzming-PC","pid":7980,"level":20,"msg":"Theme config loaded.","time":"2017-02-25T13:56:42.858Z","v":0}
{"name":"hexo","hostname":"lzming-PC","pid":7980,"level":20,"msg":"Processed: _config.yml","time":"2017-02-25T13:56:42.860Z","v":0}
{"name":"hexo","hostname":"lzming-PC","pid":7980,"level":20,"msg":"Processed: source/img/bg.jpg","time":"2017-02-25T13:56:42.861Z","v":0}
{"name":"hexo","hostname":"lzming-PC","pid":7980,"level":20,"msg":"Processed: layout/archive.jade","time":"2017-02-25T13:56:44.266Z","v":0}
{"name":"hexo","hostname":"lzming-PC","pid":7980,"level":20,"msg":"Processed: layout/base.jade","time":"2017-02-25T13:56:44.266Z","v":0}
{"name":"hexo","hostname":"lzming-PC","pid":7980,"level":20,"msg":"Processed: layout/index.jade","time":"2017-02-25T13:56:44.266Z","v":0}
{"name":"hexo","hostname":"lzming-PC","pid":7980,"level":20,"msg":"Processed: layout/category.jade","time":"2017-02-25T13:56:44.266Z","v":0}
{"name":"hexo","hostname":"lzming-PC","pid":7980,"level":20,"msg":"Processed: layout/page.jade","time":"2017-02-25T13:56:44.268Z","v":0}
{"name":"hexo","hostname":"lzming-PC","pid":7980,"level":20,"msg":"Processed: layout/post.jade","time":"2017-02-25T13:56:44.268Z","v":0}
{"name":"hexo","hostname":"lzming-PC","pid":7980,"level":20,"msg":"Processed: layout/tag.jade","time":"2017-02-25T13:56:44.268Z","v":0}
{"name":"hexo","hostname":"lzming-PC","pid":7980,"level":20,"msg":"Processed: languages/de-DE.yml","time":"2017-02-25T13:56:44.270Z","v":0}
{"name":"hexo","hostname":"lzming-PC","pid":7980,"level":20,"msg":"Processed: languages/en.yml","time":"2017-02-25T13:56:44.270Z","v":0}
{"name":"hexo","hostname":"lzming-PC","pid":7980,"level":20,"msg":"Processed: languages/es-ES.yml","time":"2017-02-25T13:56:44.270Z","v":0}
{"name":"hexo","hostname":"lzming-PC","pid":7980,"level":20,"msg":"Processed: languages/fr-FR.yml","time":"2017-02-25T13:56:44.270Z","v":0}
{"name":"hexo","hostname":"lzming-PC","pid":7980,"level":20,"msg":"Processed: languages/ko.yml","time":"2017-02-25T13:56:44.270Z","v":0}
{"name":"hexo","hostname":"lzming-PC","pid":7980,"level":20,"msg":"Processed: languages/zh-CN.yml","time":"2017-02-25T13:56:44.270Z","v":0}
{"name":"hexo","hostname":"lzming-PC","pid":7980,"level":20,"msg":"Processed: languages/zh-TW.yml","time":"2017-02-25T13:56:44.270Z","v":0}
{"name":"hexo","hostname":"lzming-PC","pid":7980,"level":20,"msg":"Processed: layout/_partial/after_footer.jade","time":"2017-02-25T13:56:44.506Z","v":0}
{"name":"hexo","hostname":"lzming-PC","pid":7980,"level":20,"msg":"Processed: layout/_partial/comments.jade","time":"2017-02-25T13:56:44.506Z","v":0}
{"name":"hexo","hostname":"lzming-PC","pid":7980,"level":20,"msg":"Processed: layout/_partial/footer.jade","time":"2017-02-25T13:56:44.506Z","v":0}
{"name":"hexo","hostname":"lzming-PC","pid":7980,"level":20,"msg":"Processed: layout/_partial/helpers.jade","time":"2017-02-25T13:56:44.506Z","v":0}
{"name":"hexo","hostname":"lzming-PC","pid":7980,"level":20,"msg":"Processed: layout/_partial/mathjax.jade","time":"2017-02-25T13:56:44.507Z","v":0}
{"name":"hexo","hostname":"lzming-PC","pid":7980,"level":20,"msg":"Processed: layout/_partial/mathjax2.jade","time":"2017-02-25T13:56:44.507Z","v":0}
{"name":"hexo","hostname":"lzming-PC","pid":7980,"level":20,"msg":"Processed: layout/_partial/paginator.jade","time":"2017-02-25T13:56:44.507Z","v":0}
{"name":"hexo","hostname":"lzming-PC","pid":7980,"level":20,"msg":"Processed: layout/_partial/post_nav.jade","time":"2017-02-25T13:56:44.507Z","v":0}
{"name":"hexo","hostname":"lzming-PC","pid":7980,"level":20,"msg":"Processed: layout/_partial/tag.jade","time":"2017-02-25T13:56:44.507Z","v":0}
{"name":"hexo","hostname":"lzming-PC","pid":7980,"level":20,"msg":"Processed: layout/_partial/totop.jade","time":"2017-02-25T13:56:44.507Z","v":0}
{"name":"hexo","hostname":"lzming-PC","pid":7980,"level":20,"msg":"Processed: layout/_widget/archive.jade","time":"2017-02-25T13:56:44.507Z","v":0}
{"name":"hexo","hostname":"lzming-PC","pid":7980,"level":20,"msg":"Processed: layout/_widget/category.jade","time":"2017-02-25T13:56:44.507Z","v":0}
{"name":"hexo","hostname":"lzming-PC","pid":7980,"level":20,"msg":"Processed: layout/_widget/links.jade","time":"2017-02-25T13:56:44.507Z","v":0}
{"name":"hexo","hostname":"lzming-PC","pid":7980,"level":20,"msg":"Processed: layout/_widget/recent_posts.jade","time":"2017-02-25T13:56:44.507Z","v":0}
{"name":"hexo","hostname":"lzming-PC","pid":7980,"level":20,"msg":"Processed: layout/_widget/recent_comments.jade","time":"2017-02-25T13:56:44.508Z","v":0}
{"name":"hexo","hostname":"lzming-PC","pid":7980,"level":20,"msg":"Processed: layout/_widget/weibo.jade","time":"2017-02-25T13:56:44.508Z","v":0}
{"name":"hexo","hostname":"lzming-PC","pid":7980,"level":20,"msg":"Processed: layout/_widget/tag.jade","time":"2017-02-25T13:56:44.508Z","v":0}
{"name":"hexo","hostname":"lzming-PC","pid":7980,"level":20,"msg":"Processed: layout/_widget/search.jade","time":"2017-02-25T13:56:44.508Z","v":0}
{"name":"hexo","hostname":"lzming-PC","pid":7980,"level":20,"msg":"Generator: page","time":"2017-02-25T13:56:44.631Z","v":0}
{"name":"hexo","hostname":"lzming-PC","pid":7980,"level":20,"msg":"Generator: post","time":"2017-02-25T13:56:44.632Z","v":0}
{"name":"hexo","hostname":"lzming-PC","pid":7980,"level":20,"msg":"Generator: archive","time":"2017-02-25T13:56:44.632Z","v":0}
{"name":"hexo","hostname":"lzming-PC","pid":7980,"level":20,"msg":"Generator: category","time":"2017-02-25T13:56:44.632Z","v":0}
{"name":"hexo","hostname":"lzming-PC","pid":7980,"level":20,"msg":"Generator: index","time":"2017-02-25T13:56:44.632Z","v":0}
{"name":"hexo","hostname":"lzming-PC","pid":7980,"level":20,"msg":"Generator: tag","time":"2017-02-25T13:56:44.632Z","v":0}
{"name":"hexo","hostname":"lzming-PC","pid":7980,"level":20,"msg":"Generator: asset","time":"2017-02-25T13:56:44.633Z","v":0}
{"name":"hexo","hostname":"lzming-PC","pid":7980,"level":30,"msg":"Hexo is running at http://localhost:4000/. Press Ctrl+C to stop.","time":"2017-02-25T13:56:44.647Z","v":0}
{"name":"hexo","hostname":"lzming-PC","pid":7980,"level":20,"msg":"Database saved","time":"2017-02-25T13:56:44.671Z","v":0}
{"name":"hexo","hostname":"lzming-PC","pid":7980,"level":20,"msg":"Rendering index: index.html","time":"2017-02-25T13:56:47.270Z","v":0}
{"name":"hexo","hostname":"lzming-PC","pid":7980,"level":20,"msg":"Rendering post: 2017/02/25/楼上住着sb一家/index.html","time":"2017-02-25T13:57:46.081Z","v":0}
{"name":"hexo","hostname":"lzming-PC","pid":7980,"level":20,"msg":"Theme config loaded.","time":"2017-02-25T14:00:55.075Z","v":0}
{"name":"hexo","hostname":"lzming-PC","pid":7980,"level":20,"msg":"Processed: _config.yml","time":"2017-02-25T14:00:55.075Z","v":0}
{"name":"hexo","hostname":"lzming-PC","pid":7980,"level":20,"msg":"Generator: page","time":"2017-02-25T14:00:55.201Z","v":0}
{"name":"hexo","hostname":"lzming-PC","pid":7980,"level":20,"msg":"Generator: post","time":"2017-02-25T14:00:55.202Z","v":0}
{"name":"hexo","hostname":"lzming-PC","pid":7980,"level":20,"msg":"Generator: archive","time":"2017-02-25T14:00:55.202Z","v":0}
{"name":"hexo","hostname":"lzming-PC","pid":7980,"level":20,"msg":"Generator: category","time":"2017-02-25T14:00:55.202Z","v":0}
{"name":"hexo","hostname":"lzming-PC","pid":7980,"level":20,"msg":"Generator: index","time":"2017-02-25T14:00:55.202Z","v":0}
{"name":"hexo","hostname":"lzming-PC","pid":7980,"level":20,"msg":"Generator: tag","time":"2017-02-25T14:00:55.202Z","v":0}
{"name":"hexo","hostname":"lzming-PC","pid":7980,"level":20,"msg":"Generator: asset","time":"2017-02-25T14:00:55.206Z","v":0}
{"name":"hexo","hostname":"lzming-PC","pid":7980,"level":20,"msg":"Processed: _posts/ve-1E1.tmp","time":"2017-02-25T14:09:47.444Z","v":0}
{"name":"hexo","hostname":"lzming-PC","pid":7980,"level":20,"msg":"Processed: _posts/ve-1E1.tmp","time":"2017-02-25T14:09:47.447Z","v":0}
{"name":"hexo","hostname":"lzming-PC","pid":7980,"level":20,"msg":"Processed: _posts/楼上住着sb一家.md","time":"2017-02-25T14:09:47.497Z","v":0}
{"name":"hexo","hostname":"lzming-PC","pid":7980,"level":20,"msg":"Processed: _posts/ve-1E1.tmp","time":"2017-02-25T14:09:47.567Z","v":0}
{"name":"hexo","hostname":"lzming-PC","pid":7980,"level":20,"msg":"Generator: page","time":"2017-02-25T14:09:47.780Z","v":0}
{"name":"hexo","hostname":"lzming-PC","pid":7980,"level":20,"msg":"Generator: post","time":"2017-02-25T14:09:47.780Z","v":0}
{"name":"hexo","hostname":"lzming-PC","pid":7980,"level":20,"msg":"Generator: archive","time":"2017-02-25T14:09:47.781Z","v":0}
{"name":"hexo","hostname":"lzming-PC","pid":7980,"level":20,"msg":"Generator: category","time":"2017-02-25T14:09:47.781Z","v":0}
{"name":"hexo","hostname":"lzming-PC","pid":7980,"level":20,"msg":"Generator: index","time":"2017-02-25T14:09:47.781Z","v":0}
{"name":"hexo","hostname":"lzming-PC","pid":7980,"level":20,"msg":"Generator: tag","time":"2017-02-25T14:09:47.781Z","v":0}
{"name":"hexo","hostname":"lzming-PC","pid":7980,"level":20,"msg":"Generator: asset","time":"2017-02-25T14:09:47.789Z","v":0}
{"name":"hexo","hostname":"lzming-PC","pid":7980,"level":20,"msg":"Processed: _posts/ve-4E5C.tmp","time":"2017-02-25T14:10:07.021Z","v":0}
{"name":"hexo","hostname":"lzming-PC","pid":7980,"level":20,"msg":"Processed: _posts/ve-4E5C.tmp","time":"2017-02-25T14:10:07.027Z","v":0}
{"name":"hexo","hostname":"lzming-PC","pid":7980,"level":20,"msg":"Processed: _posts/楼上住着sb一家.md","time":"2017-02-25T14:10:07.072Z","v":0}
{"name":"hexo","hostname":"lzming-PC","pid":7980,"level":20,"msg":"Processed: _posts/ve-4E5C.tmp","time":"2017-02-25T14:10:07.156Z","v":0}
{"name":"hexo","hostname":"lzming-PC","pid":7980,"level":20,"msg":"Generator: page","time":"2017-02-25T14:10:07.285Z","v":0}
{"name":"hexo","hostname":"lzming-PC","pid":7980,"level":20,"msg":"Generator: post","time":"2017-02-25T14:10:07.287Z","v":0}
{"name":"hexo","hostname":"lzming-PC","pid":7980,"level":20,"msg":"Generator: archive","time":"2017-02-25T14:10:07.287Z","v":0}
{"name":"hexo","hostname":"lzming-PC","pid":7980,"level":20,"msg":"Generator: category","time":"2017-02-25T14:10:07.287Z","v":0}
{"name":"hexo","hostname":"lzming-PC","pid":7980,"level":20,"msg":"Generator: index","time":"2017-02-25T14:10:07.287Z","v":0}
{"name":"hexo","hostname":"lzming-PC","pid":7980,"level":20,"msg":"Generator: tag","time":"2017-02-25T14:10:07.287Z","v":0}
{"name":"hexo","hostname":"lzming-PC","pid":7980,"level":20,"msg":"Generator: asset","time":"2017-02-25T14:10:07.289Z","v":0}
{"name":"hexo","hostname":"lzming-PC","pid":7980,"level":20,"msg":"Processed: _posts/ve-D096.tmp","time":"2017-02-25T14:10:40.353Z","v":0}
{"name":"hexo","hostname":"lzming-PC","pid":7980,"level":20,"msg":"Processed: _posts/ve-D096.tmp","time":"2017-02-25T14:10:40.357Z","v":0}
{"name":"hexo","hostname":"lzming-PC","pid":7980,"level":20,"msg":"Processed: _posts/楼上住着sb一家.md","time":"2017-02-25T14:10:40.366Z","v":0}
{"name":"hexo","hostname":"lzming-PC","pid":7980,"level":20,"msg":"Processed: _posts/ve-D096.tmp","time":"2017-02-25T14:10:40.460Z","v":0}
{"name":"hexo","hostname":"lzming-PC","pid":7980,"level":20,"msg":"Generator: page","time":"2017-02-25T14:10:40.620Z","v":0}
{"name":"hexo","hostname":"lzming-PC","pid":7980,"level":20,"msg":"Generator: post","time":"2017-02-25T14:10:40.620Z","v":0}
{"name":"hexo","hostname":"lzming-PC","pid":7980,"level":20,"msg":"Generator: archive","time":"2017-02-25T14:10:40.620Z","v":0}
{"name":"hexo","hostname":"lzming-PC","pid":7980,"level":20,"msg":"Generator: category","time":"2017-02-25T14:10:40.621Z","v":0}
{"name":"hexo","hostname":"lzming-PC","pid":7980,"level":20,"msg":"Generator: index","time":"2017-02-25T14:10:40.621Z","v":0}
{"name":"hexo","hostname":"lzming-PC","pid":7980,"level":20,"msg":"Generator: tag","time":"2017-02-25T14:10:40.621Z","v":0}
{"name":"hexo","hostname":"lzming-PC","pid":7980,"level":20,"msg":"Generator: asset","time":"2017-02-25T14:10:40.625Z","v":0}
{"name":"hexo","hostname":"lzming-PC","pid":7980,"level":20,"msg":"Rendering index: index.html","time":"2017-02-25T14:10:54.321Z","v":0}
{"name":"hexo","hostname":"lzming-PC","pid":7980,"level":20,"msg":"Rendering post: 2017/02/25/楼上住着sb一家/index.html","time":"2017-02-25T14:11:00.098Z","v":0}
{"name":"hexo","hostname":"lzming-PC","pid":7980,"level":20,"msg":"Rendering post: 2017/02/25/hello-world/index.html","time":"2017-02-25T14:12:41.362Z","v":0}
{"name":"hexo","hostname":"lzming-PC","pid":7724,"level":20,"msg":"Hexo version: 3.2.2","time":"2017-02-25T14:30:50.321Z","v":0}
{"name":"hexo","hostname":"lzming-PC","pid":7724,"level":20,"msg":"Working directory: D:\\smallchineseparasol\\","time":"2017-02-25T14:30:50.325Z","v":0}
{"name":"hexo","hostname":"lzming-PC","pid":7724,"level":20,"msg":"Config loaded: D:\\smallchineseparasol\\_config.yml","time":"2017-02-25T14:30:50.505Z","v":0}
{"name":"hexo","hostname":"lzming-PC","pid":7724,"level":20,"msg":"Plugin loaded: hexo-deployer-git","time":"2017-02-25T14:30:50.533Z","v":0}
{"name":"hexo","hostname":"lzming-PC","pid":7724,"level":20,"msg":"Plugin loaded: hexo-deployer-heroku","time":"2017-02-25T14:30:50.536Z","v":0}
{"name":"hexo","hostname":"lzming-PC","pid":7724,"level":20,"msg":"Plugin loaded: hexo-deployer-openshift","time":"2017-02-25T14:30:50.538Z","v":0}
{"name":"hexo","hostname":"lzming-PC","pid":7724,"level":20,"msg":"Plugin loaded: hexo-deployer-rsync","time":"2017-02-25T14:30:50.540Z","v":0}
{"name":"hexo","hostname":"lzming-PC","pid":7724,"level":20,"msg":"Plugin loaded: hexo-generator-archive","time":"2017-02-25T14:30:50.544Z","v":0}
{"name":"hexo","hostname":"lzming-PC","pid":7724,"level":20,"msg":"Plugin loaded: hexo-generator-category","time":"2017-02-25T14:30:50.547Z","v":0}
{"name":"hexo","hostname":"lzming-PC","pid":7724,"level":20,"msg":"Plugin loaded: hexo-generator-feed","time":"2017-02-25T14:30:50.551Z","v":0}
{"name":"hexo","hostname":"lzming-PC","pid":7724,"level":20,"msg":"Plugin loaded: hexo-generator-index","time":"2017-02-25T14:30:50.553Z","v":0}
{"name":"hexo","hostname":"lzming-PC","pid":7724,"level":20,"msg":"Plugin loaded: hexo-generator-sitemap","time":"2017-02-25T14:30:50.555Z","v":0}
{"name":"hexo","hostname":"lzming-PC","pid":7724,"level":20,"msg":"Plugin loaded: hexo-generator-tag","time":"2017-02-25T14:30:50.557Z","v":0}
{"name":"hexo","hostname":"lzming-PC","pid":7724,"level":20,"msg":"Plugin loaded: hexo-renderer-ejs","time":"2017-02-25T14:30:50.561Z","v":0}
{"name":"hexo","hostname":"lzming-PC","pid":7724,"level":20,"msg":"Plugin loaded: hexo-renderer-jade","time":"2017-02-25T14:30:50.947Z","v":0}
{"name":"hexo","hostname":"lzming-PC","pid":7724,"level":20,"msg":"Plugin loaded: hexo-renderer-marked","time":"2017-02-25T14:30:50.955Z","v":0}
{"name":"hexo","hostname":"lzming-PC","pid":7724,"level":20,"msg":"Plugin loaded: hexo-renderer-stylus","time":"2017-02-25T14:30:51.183Z","v":0}
{"name":"hexo","hostname":"lzming-PC","pid":7724,"level":20,"msg":"Plugin loaded: hexo-server","time":"2017-02-25T14:30:51.266Z","v":0}
{"name":"hexo","hostname":"lzming-PC","pid":7724,"level":20,"msg":"Loading database.","time":"2017-02-25T14:30:51.282Z","v":0}
{"name":"hexo","hostname":"lzming-PC","pid":7724,"level":30,"msg":"Start processing","time":"2017-02-25T14:30:51.407Z","v":0}
{"name":"hexo","hostname":"lzming-PC","pid":7724,"level":20,"msg":"Processed: _posts/hello-world.md","time":"2017-02-25T14:30:51.531Z","v":0}
{"name":"hexo","hostname":"lzming-PC","pid":7724,"level":20,"msg":"Processed: source/apple-touch-icon.png","time":"2017-02-25T14:30:51.544Z","v":0}
{"name":"hexo","hostname":"lzming-PC","pid":7724,"level":20,"msg":"Processed: source/favicon.ico","time":"2017-02-25T14:30:51.544Z","v":0}
{"name":"hexo","hostname":"lzming-PC","pid":7724,"level":20,"msg":"Theme config loaded.","time":"2017-02-25T14:30:51.568Z","v":0}
{"name":"hexo","hostname":"lzming-PC","pid":7724,"level":20,"msg":"Processed: _config.yml","time":"2017-02-25T14:30:51.571Z","v":0}
{"name":"hexo","hostname":"lzming-PC","pid":7724,"level":20,"msg":"Processed: source/css/highlight.styl","time":"2017-02-25T14:30:51.595Z","v":0}
{"name":"hexo","hostname":"lzming-PC","pid":7724,"level":20,"msg":"Processed: source/css/style.styl","time":"2017-02-25T14:30:51.600Z","v":0}
{"name":"hexo","hostname":"lzming-PC","pid":7724,"level":20,"msg":"Processed: source/iconfont/iconfont.eot","time":"2017-02-25T14:30:51.601Z","v":0}
{"name":"hexo","hostname":"lzming-PC","pid":7724,"level":20,"msg":"Processed: source/iconfont/iconfont.svg","time":"2017-02-25T14:30:51.602Z","v":0}
{"name":"hexo","hostname":"lzming-PC","pid":7724,"level":20,"msg":"Processed: source/iconfont/iconfont.ttf","time":"2017-02-25T14:30:51.603Z","v":0}
{"name":"hexo","hostname":"lzming-PC","pid":7724,"level":20,"msg":"Processed: source/iconfont/iconfont.woff","time":"2017-02-25T14:30:51.604Z","v":0}
{"name":"hexo","hostname":"lzming-PC","pid":7724,"level":20,"msg":"Processed: source/js/search.json.js","time":"2017-02-25T14:30:51.604Z","v":0}
{"name":"hexo","hostname":"lzming-PC","pid":7724,"level":20,"msg":"Processed: source/js/totop.js","time":"2017-02-25T14:30:51.604Z","v":0}
{"name":"hexo","hostname":"lzming-PC","pid":7724,"level":20,"msg":"Processed: layout/archive.jade","time":"2017-02-25T14:30:53.237Z","v":0}
{"name":"hexo","hostname":"lzming-PC","pid":7724,"level":20,"msg":"Processed: layout/base.jade","time":"2017-02-25T14:30:53.238Z","v":0}
{"name":"hexo","hostname":"lzming-PC","pid":7724,"level":20,"msg":"Processed: layout/index.jade","time":"2017-02-25T14:30:53.238Z","v":0}
{"name":"hexo","hostname":"lzming-PC","pid":7724,"level":20,"msg":"Processed: layout/category.jade","time":"2017-02-25T14:30:53.238Z","v":0}
{"name":"hexo","hostname":"lzming-PC","pid":7724,"level":20,"msg":"Processed: layout/page.jade","time":"2017-02-25T14:30:53.238Z","v":0}
{"name":"hexo","hostname":"lzming-PC","pid":7724,"level":20,"msg":"Processed: layout/post.jade","time":"2017-02-25T14:30:53.238Z","v":0}
{"name":"hexo","hostname":"lzming-PC","pid":7724,"level":20,"msg":"Processed: layout/tag.jade","time":"2017-02-25T14:30:53.238Z","v":0}
{"name":"hexo","hostname":"lzming-PC","pid":7724,"level":20,"msg":"Processed: languages/de-DE.yml","time":"2017-02-25T14:30:53.251Z","v":0}
{"name":"hexo","hostname":"lzming-PC","pid":7724,"level":20,"msg":"Processed: languages/en.yml","time":"2017-02-25T14:30:53.251Z","v":0}
{"name":"hexo","hostname":"lzming-PC","pid":7724,"level":20,"msg":"Processed: languages/es-ES.yml","time":"2017-02-25T14:30:53.251Z","v":0}
{"name":"hexo","hostname":"lzming-PC","pid":7724,"level":20,"msg":"Processed: languages/fr-FR.yml","time":"2017-02-25T14:30:53.251Z","v":0}
{"name":"hexo","hostname":"lzming-PC","pid":7724,"level":20,"msg":"Processed: languages/ko.yml","time":"2017-02-25T14:30:53.252Z","v":0}
{"name":"hexo","hostname":"lzming-PC","pid":7724,"level":20,"msg":"Processed: languages/zh-CN.yml","time":"2017-02-25T14:30:53.252Z","v":0}
{"name":"hexo","hostname":"lzming-PC","pid":7724,"level":20,"msg":"Processed: languages/zh-TW.yml","time":"2017-02-25T14:30:53.253Z","v":0}
{"name":"hexo","hostname":"lzming-PC","pid":7724,"level":20,"msg":"Processed: source/img/bg.jpg","time":"2017-02-25T14:30:53.253Z","v":0}
{"name":"hexo","hostname":"lzming-PC","pid":7724,"level":20,"msg":"Processed: _posts/楼上住着sb一家.md","time":"2017-02-25T14:30:53.254Z","v":0}
{"name":"hexo","hostname":"lzming-PC","pid":7724,"level":20,"msg":"Processed: layout/_partial/after_footer.jade","time":"2017-02-25T14:30:53.450Z","v":0}
{"name":"hexo","hostname":"lzming-PC","pid":7724,"level":20,"msg":"Processed: layout/_partial/comments.jade","time":"2017-02-25T14:30:53.450Z","v":0}
{"name":"hexo","hostname":"lzming-PC","pid":7724,"level":20,"msg":"Processed: layout/_partial/footer.jade","time":"2017-02-25T14:30:53.450Z","v":0}
{"name":"hexo","hostname":"lzming-PC","pid":7724,"level":20,"msg":"Processed: layout/_partial/helpers.jade","time":"2017-02-25T14:30:53.450Z","v":0}
{"name":"hexo","hostname":"lzming-PC","pid":7724,"level":20,"msg":"Processed: layout/_partial/mathjax.jade","time":"2017-02-25T14:30:53.450Z","v":0}
{"name":"hexo","hostname":"lzming-PC","pid":7724,"level":20,"msg":"Processed: layout/_partial/mathjax2.jade","time":"2017-02-25T14:30:53.450Z","v":0}
{"name":"hexo","hostname":"lzming-PC","pid":7724,"level":20,"msg":"Processed: layout/_partial/paginator.jade","time":"2017-02-25T14:30:53.450Z","v":0}
{"name":"hexo","hostname":"lzming-PC","pid":7724,"level":20,"msg":"Processed: layout/_partial/post_nav.jade","time":"2017-02-25T14:30:53.451Z","v":0}
{"name":"hexo","hostname":"lzming-PC","pid":7724,"level":20,"msg":"Processed: layout/_partial/tag.jade","time":"2017-02-25T14:30:53.451Z","v":0}
{"name":"hexo","hostname":"lzming-PC","pid":7724,"level":20,"msg":"Processed: layout/_partial/totop.jade","time":"2017-02-25T14:30:53.451Z","v":0}
{"name":"hexo","hostname":"lzming-PC","pid":7724,"level":20,"msg":"Processed: layout/_widget/archive.jade","time":"2017-02-25T14:30:53.451Z","v":0}
{"name":"hexo","hostname":"lzming-PC","pid":7724,"level":20,"msg":"Processed: layout/_widget/category.jade","time":"2017-02-25T14:30:53.451Z","v":0}
{"name":"hexo","hostname":"lzming-PC","pid":7724,"level":20,"msg":"Processed: layout/_widget/links.jade","time":"2017-02-25T14:30:53.451Z","v":0}
{"name":"hexo","hostname":"lzming-PC","pid":7724,"level":20,"msg":"Processed: layout/_widget/recent_comments.jade","time":"2017-02-25T14:30:53.451Z","v":0}
{"name":"hexo","hostname":"lzming-PC","pid":7724,"level":20,"msg":"Processed: layout/_widget/search.jade","time":"2017-02-25T14:30:53.451Z","v":0}
{"name":"hexo","hostname":"lzming-PC","pid":7724,"level":20,"msg":"Processed: layout/_widget/recent_posts.jade","time":"2017-02-25T14:30:53.452Z","v":0}
{"name":"hexo","hostname":"lzming-PC","pid":7724,"level":20,"msg":"Processed: layout/_widget/tag.jade","time":"2017-02-25T14:30:53.452Z","v":0}
{"name":"hexo","hostname":"lzming-PC","pid":7724,"level":20,"msg":"Processed: layout/_widget/weibo.jade","time":"2017-02-25T14:30:53.452Z","v":0}
{"name":"hexo","hostname":"lzming-PC","pid":7724,"level":20,"msg":"Generator: page","time":"2017-02-25T14:30:53.801Z","v":0}
{"name":"hexo","hostname":"lzming-PC","pid":7724,"level":20,"msg":"Generator: post","time":"2017-02-25T14:30:53.801Z","v":0}
{"name":"hexo","hostname":"lzming-PC","pid":7724,"level":20,"msg":"Generator: archive","time":"2017-02-25T14:30:53.801Z","v":0}
{"name":"hexo","hostname":"lzming-PC","pid":7724,"level":20,"msg":"Generator: category","time":"2017-02-25T14:30:53.801Z","v":0}
{"name":"hexo","hostname":"lzming-PC","pid":7724,"level":20,"msg":"Generator: feed","time":"2017-02-25T14:30:53.801Z","v":0}
{"name":"hexo","hostname":"lzming-PC","pid":7724,"level":20,"msg":"Generator: index","time":"2017-02-25T14:30:53.801Z","v":0}
{"name":"hexo","hostname":"lzming-PC","pid":7724,"level":20,"msg":"Generator: sitemap","time":"2017-02-25T14:30:53.801Z","v":0}
{"name":"hexo","hostname":"lzming-PC","pid":7724,"level":20,"msg":"Generator: tag","time":"2017-02-25T14:30:53.801Z","v":0}
{"name":"hexo","hostname":"lzming-PC","pid":7724,"level":20,"msg":"Generator: asset","time":"2017-02-25T14:30:53.805Z","v":0}
{"name":"hexo","hostname":"lzming-PC","pid":7724,"level":30,"msg":"Hexo is running at http://localhost:4000/. Press Ctrl+C to stop.","time":"2017-02-25T14:30:53.815Z","v":0}
{"name":"hexo","hostname":"lzming-PC","pid":7724,"level":20,"msg":"Database saved","time":"2017-02-25T14:30:53.831Z","v":0}
{"name":"hexo","hostname":"lzming-PC","pid":7724,"level":20,"msg":"Rendering index: index.html","time":"2017-02-25T14:30:59.405Z","v":0}
{"name":"hexo","hostname":"lzming-PC","pid":7724,"level":20,"msg":"Rendering post: 2017/02/25/楼上住着sb一家/index.html","time":"2017-02-25T14:31:03.425Z","v":0}
